<?xml version="1.0" encoding="UTF-8"?>
<!-- Generated by org.testng.reporters.JUnitXMLReporter -->
<testsuite ignored="0" hostname="Priyanka" failures="1" tests="2" name="Test" time="0.115" errors="0" timestamp="2025-09-02T20:55:42 IST">
  <testcase classname="com.WebTesting.TestReporting" name="testCase1_RegisterProcess" time="0.024"/>
  <testcase classname="com.WebTesting.TestReporting" name="testCase2_LoginProcess" time="0.007">
    <failure type="java.lang.AssertionError" message="Assertion Fail! expected [false] but found [true]">
      <![CDATA[java.lang.AssertionError: Assertion Fail! expected [false] but found [true]
at com.WebTesting.TestReporting.testCase2_LoginProcess(TestReporting.java:17)
at java.base/java.util.ArrayList.forEach(ArrayList.java:1596)
... Removed 31 stack frames]]>
    </failure>
  </testcase> <!-- testCase2_LoginProcess -->
</testsuite> <!-- Test -->
