<?xml version="1.0" encoding="UTF-8"?>
<testng-results ignored="0" total="4" passed="4" failed="0" skipped="0">
  <reporter-output>
  </reporter-output>
  <suite started-at="2025-09-17T22:36:00 IST" name="Suite" finished-at="2025-09-17T22:36:15 IST" duration-ms="14784">
    <groups>
    </groups>
    <test started-at="2025-09-17T22:36:00 IST" name="Test" finished-at="2025-09-17T22:36:15 IST" duration-ms="14784">
      <class name="com.Bstack.TestCases.LoginPageTest">
        <test-method is-config="true" signature="setUp()[pri:0, instance:com.Bstack.TestCases.LoginPageTest@411f53a0]" started-at="2025-09-17T22:36:00 IST" name="setUp" finished-at="2025-09-17T22:36:06 IST" duration-ms="5069" status="PASS">
          <reporter-output>
          </reporter-output>
        </test-method> <!-- setUp -->
        <test-method signature="verifySignIn()[pri:1, instance:com.Bstack.TestCases.LoginPageTest@411f53a0]" started-at="2025-09-17T22:36:06 IST" name="verifySignIn" finished-at="2025-09-17T22:36:08 IST" duration-ms="2071" status="PASS">
          <reporter-output>
          </reporter-output>
        </test-method> <!-- verifySignIn -->
        <test-method signature="testLogin()[pri:2, instance:com.Bstack.TestCases.LoginPageTest@411f53a0]" started-at="2025-09-17T22:36:08 IST" name="testLogin" finished-at="2025-09-17T22:36:08 IST" duration-ms="363" status="PASS">
          <reporter-output>
          </reporter-output>
        </test-method> <!-- testLogin -->
        <test-method is-config="true" signature="tearDown()[pri:0, instance:com.Bstack.TestCases.LoginPageTest@411f53a0]" started-at="2025-09-17T22:36:08 IST" name="tearDown" finished-at="2025-09-17T22:36:08 IST" duration-ms="163" status="PASS">
          <reporter-output>
          </reporter-output>
        </test-method> <!-- tearDown -->
      </class> <!-- com.Bstack.TestCases.LoginPageTest -->
      <class name="com.Bstack.TestCases.ProductPageTest">
        <test-method is-config="true" signature="setUp()[pri:0, instance:com.Bstack.TestCases.ProductPageTest@1165b38]" started-at="2025-09-17T22:36:08 IST" name="setUp" finished-at="2025-09-17T22:36:10 IST" duration-ms="1596" status="PASS">
          <reporter-output>
          </reporter-output>
        </test-method> <!-- setUp -->
        <test-method is-config="true" signature="pageSetup()[pri:0, instance:com.Bstack.TestCases.ProductPageTest@1165b38]" started-at="2025-09-17T22:36:10 IST" name="pageSetup" finished-at="2025-09-17T22:36:15 IST" duration-ms="4871" status="PASS">
          <reporter-output>
          </reporter-output>
        </test-method> <!-- pageSetup -->
        <test-method signature="verifyTotalProducts()[pri:1, instance:com.Bstack.TestCases.ProductPageTest@1165b38]" started-at="2025-09-17T22:36:15 IST" name="verifyTotalProducts" finished-at="2025-09-17T22:36:15 IST" duration-ms="222" status="PASS">
          <reporter-output>
          </reporter-output>
        </test-method> <!-- verifyTotalProducts -->
        <test-method signature="verifyProducts()[pri:2, instance:com.Bstack.TestCases.ProductPageTest@1165b38]" started-at="2025-09-17T22:36:15 IST" name="verifyProducts" finished-at="2025-09-17T22:36:15 IST" duration-ms="212" status="PASS">
          <reporter-output>
          </reporter-output>
        </test-method> <!-- verifyProducts -->
        <test-method is-config="true" signature="tearDown()[pri:0, instance:com.Bstack.TestCases.ProductPageTest@1165b38]" started-at="2025-09-17T22:36:15 IST" name="tearDown" finished-at="2025-09-17T22:36:15 IST" duration-ms="179" status="PASS">
          <reporter-output>
          </reporter-output>
        </test-method> <!-- tearDown -->
      </class> <!-- com.Bstack.TestCases.ProductPageTest -->
    </test> <!-- Test -->
  </suite> <!-- Suite -->
</testng-results>
