<?xml version="1.0" encoding="UTF-8"?>
<testng-results ignored="0" total="1" passed="1" failed="0" skipped="0">
  <reporter-output>
  </reporter-output>
  <suite started-at="2025-07-16T22:19:03 IST" name="Default suite" finished-at="2025-07-16T22:19:15 IST" duration-ms="12666">
    <groups>
    </groups>
    <test started-at="2025-07-16T22:19:03 IST" name="Default test" finished-at="2025-07-16T22:19:15 IST" duration-ms="12666">
      <class name="com.MobileTest.MobileScenarios.T8_AlertHandling">
        <test-method signature="testAlert()[pri:0, instance:com.MobileTest.MobileScenarios.T8_AlertHandling@72967906]" started-at="2025-07-16T22:19:03 IST" name="testAlert" finished-at="2025-07-16T22:19:15 IST" duration-ms="12562" status="PASS">
          <reporter-output>
          </reporter-output>
        </test-method> <!-- testAlert -->
      </class> <!-- com.MobileTest.MobileScenarios.T8_AlertHandling -->
    </test> <!-- Default test -->
  </suite> <!-- Default suite -->
</testng-results>
