<?xml version="1.0" encoding="UTF-8"?>
<!-- Generated by org.testng.reporters.JUnitReportReporter -->
<testsuite hostname="Priyanka" failures="0" tests="2" name="com.Bstack.TestCases.LoginPageTest" time="2.434" errors="0" timestamp="2025-09-17T22:36:15 IST" skipped="0">
  <testcase classname="com.Bstack.TestCases.LoginPageTest" name="verifySignIn" time="2.071"/>
  <testcase classname="com.Bstack.TestCases.LoginPageTest" name="testLogin" time="0.363"/>
</testsuite> <!-- com.Bstack.TestCases.LoginPageTest -->
