<?xml version="1.0" encoding="UTF-8"?>
<!-- Generated by org.testng.reporters.JUnitReportReporter -->
<testsuite hostname="Priyanka" failures="0" tests="2" name="com.Bstack.TestCases.ProductPageTest" time="0.434" errors="0" timestamp="2025-09-17T22:36:15 IST" skipped="0">
  <testcase classname="com.Bstack.TestCases.ProductPageTest" name="verifyTotalProducts" time="0.222"/>
  <testcase classname="com.Bstack.TestCases.ProductPageTest" name="verifyProducts" time="0.212"/>
</testsuite> <!-- com.Bstack.TestCases.ProductPageTest -->
