<?xml version="1.0" encoding="UTF-8"?>
<!-- Generated by org.testng.reporters.JUnitReportReporter -->
<testsuite hostname="Priyanka" failures="0" tests="1" name="com.MobileTest.DriverSession.AppiumSessionUsingDesiredCapabilitiesClass" time="22.335" errors="0" timestamp="2025-07-15T21:12:39 IST" skipped="0">
  <testcase classname="com.MobileTest.DriverSession.AppiumSessionUsingDesiredCapabilitiesClass" name="createDriverSession" time="22.335"/>
</testsuite> <!-- com.MobileTest.DriverSession.AppiumSessionUsingDesiredCapabilitiesClass -->
