<?xml version="1.0" encoding="UTF-8"?>
<!-- Generated by org.testng.reporters.JUnitReportReporter -->
<testsuite hostname="Priyanka" failures="0" tests="1" name="com.MobileTest.DriverSession.AppiumSessionUsingUIAutomator2OptionsClass" time="11.281" errors="0" timestamp="2025-07-15T21:21:19 IST" skipped="0">
  <testcase classname="com.MobileTest.DriverSession.AppiumSessionUsingUIAutomator2OptionsClass" name="createDriverSession" time="11.281"/>
</testsuite> <!-- com.MobileTest.DriverSession.AppiumSessionUsingUIAutomator2OptionsClass -->
