<?xml version="1.0" encoding="UTF-8"?>
<!-- Generated by org.testng.reporters.JUnitReportReporter -->
<testsuite hostname="Priyanka" failures="0" tests="1" name="com.MobileTest.MobileScenarios.T14_GetPerformanceParameters" time="8.617" errors="0" timestamp="2025-07-17T22:02:04 IST" skipped="0">
  <testcase classname="com.MobileTest.MobileScenarios.T14_GetPerformanceParameters" name="testPerformanceAnalysis" time="8.617"/>
</testsuite> <!-- com.MobileTest.MobileScenarios.T14_GetPerformanceParameters -->
