<?xml version="1.0" encoding="UTF-8"?>
<!-- Generated by org.testng.reporters.JUnitReportReporter -->
<testsuite hostname="Priyanka" failures="0" tests="1" name="com.MobileTest.MobileScenarios.T12_ToggleWifiDataAirplaneMode" time="13.696" errors="0" timestamp="2025-07-17T21:43:03 IST" skipped="0">
  <testcase classname="com.MobileTest.MobileScenarios.T12_ToggleWifiDataAirplaneMode" name="testDeviceFeature" time="13.696"/>
</testsuite> <!-- com.MobileTest.MobileScenarios.T12_ToggleWifiDataAirplaneMode -->
